<?xml version="1.0" encoding="UTF-8"?>
<!-- Generated by org.testng.reporters.JUnitXMLReporter -->
<testsuite hostname="ULTRABOOK" name="Default test" tests="5" failures="0" timestamp="22 Sep 2020 05:30:17 GMT" time="195.59" errors="0">
  <testcase name="launchApp" time="1.38" classname="DriverScripts.SecondTest"/>
  <testcase name="selectExamAndLanguage" time="11.454" classname="DriverScripts.SecondTest"/>
  <testcase name="login" time="15.207" classname="DriverScripts.SecondTest"/>
  <testcase name="dashboard" time="24.105" classname="DriverScripts.SecondTest"/>
  <testcase name="takeTest" time="110.472" classname="DriverScripts.SecondTest"/>
</testsuite> <!-- Default test -->
