<?xml version="1.0" encoding="UTF-8"?>
<!-- Generated by org.testng.reporters.JUnitXMLReporter -->
<testsuite hostname="ULTRABOOK" name="LocalTest" tests="3" failures="3" timestamp="2 Sep 2020 09:49:11 GMT" time="3.782" errors="0">
  <testcase name="@AfterClass afterClass" time="0.0" classname="DriverScripts.SecondTest">
    <failure type="java.lang.NullPointerException">
      <![CDATA[java.lang.NullPointerException
	at DriverScripts.SecondTest.afterClass(SecondTest.java:88)
... Removed 24 stack frames]]>
    </failure>
  </testcase> <!-- @AfterClass afterClass -->
  <testcase name="test1" time="0.025" classname="DriverScripts.SecondTest">
    <failure type="java.lang.NullPointerException">
      <![CDATA[java.lang.NullPointerException
	at DriverScripts.SecondTest.test1(SecondTest.java:41)
... Removed 24 stack frames]]>
    </failure>
  </testcase> <!-- test1 -->
  <testcase name="test2" time="0.021" classname="DriverScripts.SecondTest">
    <failure type="java.lang.NullPointerException">
      <![CDATA[java.lang.NullPointerException
	at DriverScripts.SecondTest.test2(SecondTest.java:48)
... Removed 24 stack frames]]>
    </failure>
  </testcase> <!-- test2 -->
  <testcase name="test3" time="0.107" classname="DriverScripts.SecondTest">
    <failure type="java.lang.NullPointerException">
      <![CDATA[java.lang.NullPointerException
	at java.util.Objects.requireNonNull(Objects.java:203)
	at org.openqa.selenium.support.ui.FluentWait.<init>(FluentWait.java:106)
	at org.openqa.selenium.support.ui.WebDriverWait.<init>(WebDriverWait.java:85)
	at org.openqa.selenium.support.ui.WebDriverWait.<init>(WebDriverWait.java:45)
	at HelperClass.WaitHelper.presenceOfElementInDom(WaitHelper.java:16)
	at DriverScripts.SecondTest.test3(SecondTest.java:65)
... Removed 24 stack frames]]>
    </failure>
  </testcase> <!-- test3 -->
</testsuite> <!-- LocalTest -->
